2020-07-09 15:12:27 method: com.homework.utils.HttpUtils.printResult(HttpUtils.java:161) - [ INFO ]----{"code":1,"msg":"密码为空","data":null,"copyright":"Copyright 柠檬班 © 2017-2020 湖南省零檬信息技术有限公司 All Rights Reserved"}
2020-07-09 15:12:27 method: com.homework.utils.HttpUtils.printResult(HttpUtils.java:162) - [ INFO ]----[Server: nginx/1.4.2, Date: Thu, 09 Jul 2020 07:12:18 GMT, Content-Type: application/json;charset=UTF-8, Transfer-Encoding: chunked, Connection: keep-alive]
2020-07-09 15:12:27 method: com.homework.utils.HttpUtils.printResult(HttpUtils.java:163) - [ INFO ]----200
2020-07-09 15:12:28 method: com.homework.utils.HttpUtils.printResult(HttpUtils.java:161) - [ INFO ]----{"code":1,"msg":"手机号为空","data":null,"copyright":"Copyright 柠檬班 © 2017-2020 湖南省零檬信息技术有限公司 All Rights Reserved"}
2020-07-09 15:12:28 method: com.homework.utils.HttpUtils.printResult(HttpUtils.java:162) - [ INFO ]----[Server: nginx/1.4.2, Date: Thu, 09 Jul 2020 07:12:19 GMT, Content-Type: application/json;charset=UTF-8, Transfer-Encoding: chunked, Connection: keep-alive]
2020-07-09 15:12:28 method: com.homework.utils.HttpUtils.printResult(HttpUtils.java:163) - [ INFO ]----200
2020-07-09 15:12:28 method: com.homework.utils.HttpUtils.printResult(HttpUtils.java:161) - [ INFO ]----{"code":2,"msg":"无效的手机格式","data":null,"copyright":"Copyright 柠檬班 © 2017-2020 湖南省零檬信息技术有限公司 All Rights Reserved"}
2020-07-09 15:12:28 method: com.homework.utils.HttpUtils.printResult(HttpUtils.java:162) - [ INFO ]----[Server: nginx/1.4.2, Date: Thu, 09 Jul 2020 07:12:19 GMT, Content-Type: application/json;charset=UTF-8, Transfer-Encoding: chunked, Connection: keep-alive]
2020-07-09 15:12:28 method: com.homework.utils.HttpUtils.printResult(HttpUtils.java:163) - [ INFO ]----200
2020-07-09 15:12:28 method: com.homework.utils.HttpUtils.printResult(HttpUtils.java:161) - [ INFO ]----{"code":2,"msg":"密码格式为8到16位","data":null,"copyright":"Copyright 柠檬班 © 2017-2020 湖南省零檬信息技术有限公司 All Rights Reserved"}
2020-07-09 15:12:28 method: com.homework.utils.HttpUtils.printResult(HttpUtils.java:162) - [ INFO ]----[Server: nginx/1.4.2, Date: Thu, 09 Jul 2020 07:12:19 GMT, Content-Type: application/json;charset=UTF-8, Transfer-Encoding: chunked, Connection: keep-alive]
2020-07-09 15:12:28 method: com.homework.utils.HttpUtils.printResult(HttpUtils.java:163) - [ INFO ]----200
2020-07-09 15:12:29 method: com.homework.utils.HttpUtils.printResult(HttpUtils.java:161) - [ INFO ]----{"code":2,"msg":"账号已存在","data":null,"copyright":"Copyright 柠檬班 © 2017-2020 湖南省零檬信息技术有限公司 All Rights Reserved"}
2020-07-09 15:12:29 method: com.homework.utils.HttpUtils.printResult(HttpUtils.java:162) - [ INFO ]----[Server: nginx/1.4.2, Date: Thu, 09 Jul 2020 07:12:20 GMT, Content-Type: application/json;charset=UTF-8, Transfer-Encoding: chunked, Connection: keep-alive]
2020-07-09 15:12:29 method: com.homework.utils.HttpUtils.printResult(HttpUtils.java:163) - [ INFO ]----200
2020-07-09 15:12:30 method: com.homework.utils.HttpUtils.printResult(HttpUtils.java:161) - [ INFO ]----{"code":2,"msg":"账号已存在","data":null,"copyright":"Copyright 柠檬班 © 2017-2020 湖南省零檬信息技术有限公司 All Rights Reserved"}
2020-07-09 15:12:30 method: com.homework.utils.HttpUtils.printResult(HttpUtils.java:162) - [ INFO ]----[Server: nginx/1.4.2, Date: Thu, 09 Jul 2020 07:12:20 GMT, Content-Type: application/json;charset=UTF-8, Transfer-Encoding: chunked, Connection: keep-alive]
2020-07-09 15:12:30 method: com.homework.utils.HttpUtils.printResult(HttpUtils.java:163) - [ INFO ]----200
2020-07-09 15:12:30 method: com.homework.utils.HttpUtils.printResult(HttpUtils.java:161) - [ INFO ]----{"code":1,"msg":"密码为空","data":null,"copyright":"Copyright 柠檬班 © 2017-2020 湖南省零檬信息技术有限公司 All Rights Reserved"}
2020-07-09 15:12:30 method: com.homework.utils.HttpUtils.printResult(HttpUtils.java:162) - [ INFO ]----[Server: nginx/1.4.2, Date: Thu, 09 Jul 2020 07:12:21 GMT, Content-Type: application/json;charset=UTF-8, Transfer-Encoding: chunked, Connection: keep-alive]
2020-07-09 15:12:30 method: com.homework.utils.HttpUtils.printResult(HttpUtils.java:163) - [ INFO ]----200
2020-07-09 15:12:30 method: com.homework.utils.HttpUtils.printResult(HttpUtils.java:161) - [ INFO ]----{"code":1,"msg":"手机号码为空","data":null,"copyright":"Copyright 柠檬班 © 2017-2020 湖南省零檬信息技术有限公司 All Rights Reserved"}
2020-07-09 15:12:30 method: com.homework.utils.HttpUtils.printResult(HttpUtils.java:162) - [ INFO ]----[Server: nginx/1.4.2, Date: Thu, 09 Jul 2020 07:12:21 GMT, Content-Type: application/json;charset=UTF-8, Transfer-Encoding: chunked, Connection: keep-alive]
2020-07-09 15:12:30 method: com.homework.utils.HttpUtils.printResult(HttpUtils.java:163) - [ INFO ]----200
2020-07-09 15:12:30 method: com.homework.utils.HttpUtils.printResult(HttpUtils.java:161) - [ INFO ]----{"code":2,"msg":"无效的手机格式","data":null,"copyright":"Copyright 柠檬班 © 2017-2020 湖南省零檬信息技术有限公司 All Rights Reserved"}
2020-07-09 15:12:30 method: com.homework.utils.HttpUtils.printResult(HttpUtils.java:162) - [ INFO ]----[Server: nginx/1.4.2, Date: Thu, 09 Jul 2020 07:12:21 GMT, Content-Type: application/json;charset=UTF-8, Transfer-Encoding: chunked, Connection: keep-alive]
2020-07-09 15:12:30 method: com.homework.utils.HttpUtils.printResult(HttpUtils.java:163) - [ INFO ]----200
2020-07-09 15:12:30 method: com.homework.utils.HttpUtils.printResult(HttpUtils.java:161) - [ INFO ]----{"code":2,"msg":"无效的手机格式","data":null,"copyright":"Copyright 柠檬班 © 2017-2020 湖南省零檬信息技术有限公司 All Rights Reserved"}
2020-07-09 15:12:30 method: com.homework.utils.HttpUtils.printResult(HttpUtils.java:162) - [ INFO ]----[Server: nginx/1.4.2, Date: Thu, 09 Jul 2020 07:12:21 GMT, Content-Type: application/json;charset=UTF-8, Transfer-Encoding: chunked, Connection: keep-alive]
2020-07-09 15:12:30 method: com.homework.utils.HttpUtils.printResult(HttpUtils.java:163) - [ INFO ]----200
2020-07-09 15:12:30 method: com.homework.utils.HttpUtils.printResult(HttpUtils.java:161) - [ INFO ]----{"code":1001,"msg":"账号信息错误","data":null,"copyright":"Copyright 柠檬班 © 2017-2020 湖南省零檬信息技术有限公司 All Rights Reserved"}
2020-07-09 15:12:30 method: com.homework.utils.HttpUtils.printResult(HttpUtils.java:162) - [ INFO ]----[Server: nginx/1.4.2, Date: Thu, 09 Jul 2020 07:12:21 GMT, Content-Type: application/json;charset=UTF-8, Transfer-Encoding: chunked, Connection: keep-alive]
2020-07-09 15:12:30 method: com.homework.utils.HttpUtils.printResult(HttpUtils.java:163) - [ INFO ]----200
2020-07-09 15:12:31 method: com.homework.utils.HttpUtils.printResult(HttpUtils.java:161) - [ INFO ]----{"code":0,"msg":"OK","data":{"id":206969,"leave_amount":215000.0,"mobile_phone":"17715980055","reg_name":"小柠檬","reg_time":"2020-07-01 16:02:15.0","type":0,"token_info":{"token_type":"Bearer","expires_in":"2020-07-09 15:17:21","token":"eyJhbGciOiJIUzUxMiJ9.eyJtZW1iZXJfaWQiOjIwNjk2OSwiZXhwIjoxNTk0Mjc5MDQxfQ.kb4ZoJPEeErtxZDwsKt4p_fCtB5IhQqAhr9TRK6Lhj_t_SZ6w9QGDuIbBYrHJKAJYMMXydPOVUutqKPGW9MhJQ"}},"copyright":"Copyright 柠檬班 © 2017-2020 湖南省零檬信息技术有限公司 All Rights Reserved"}
2020-07-09 15:12:31 method: com.homework.utils.HttpUtils.printResult(HttpUtils.java:162) - [ INFO ]----[Server: nginx/1.4.2, Date: Thu, 09 Jul 2020 07:12:21 GMT, Content-Type: application/json;charset=UTF-8, Transfer-Encoding: chunked, Connection: keep-alive]
2020-07-09 15:12:31 method: com.homework.utils.HttpUtils.printResult(HttpUtils.java:163) - [ INFO ]----200
2020-07-09 15:12:31 method: com.homework.utils.HttpUtils.printResult(HttpUtils.java:161) - [ INFO ]----{"code":1007,"msg":"无权限访问，请检查参数","data":null,"copyright":"Copyright 柠檬班 © 2017-2020 湖南省零檬信息技术有限公司 All Rights Reserved"}
2020-07-09 15:12:31 method: com.homework.utils.HttpUtils.printResult(HttpUtils.java:162) - [ INFO ]----[Server: nginx/1.4.2, Date: Thu, 09 Jul 2020 07:12:22 GMT, Content-Type: application/json;charset=UTF-8, Transfer-Encoding: chunked, Connection: keep-alive]
2020-07-09 15:12:31 method: com.homework.utils.HttpUtils.printResult(HttpUtils.java:163) - [ INFO ]----200
2020-07-09 15:12:31 method: com.homework.utils.HttpUtils.printResult(HttpUtils.java:161) - [ INFO ]----{"code":2,"msg":"余额必须大于0并且小于或者等于500000","data":null,"copyright":"Copyright 柠檬班 © 2017-2020 湖南省零檬信息技术有限公司 All Rights Reserved"}
2020-07-09 15:12:31 method: com.homework.utils.HttpUtils.printResult(HttpUtils.java:162) - [ INFO ]----[Server: nginx/1.4.2, Date: Thu, 09 Jul 2020 07:12:22 GMT, Content-Type: application/json;charset=UTF-8, Transfer-Encoding: chunked, Connection: keep-alive]
2020-07-09 15:12:31 method: com.homework.utils.HttpUtils.printResult(HttpUtils.java:163) - [ INFO ]----200
2020-07-09 15:12:31 method: com.homework.utils.HttpUtils.printResult(HttpUtils.java:161) - [ INFO ]----{"code":2,"msg":"余额必须大于0并且小于或者等于500000","data":null,"copyright":"Copyright 柠檬班 © 2017-2020 湖南省零檬信息技术有限公司 All Rights Reserved"}
2020-07-09 15:12:31 method: com.homework.utils.HttpUtils.printResult(HttpUtils.java:162) - [ INFO ]----[Server: nginx/1.4.2, Date: Thu, 09 Jul 2020 07:12:22 GMT, Content-Type: application/json;charset=UTF-8, Transfer-Encoding: chunked, Connection: keep-alive]
2020-07-09 15:12:31 method: com.homework.utils.HttpUtils.printResult(HttpUtils.java:163) - [ INFO ]----200
2020-07-09 15:12:31 method: com.homework.utils.HttpUtils.printResult(HttpUtils.java:161) - [ INFO ]----{"code":2,"msg":"余额必须为数值型","data":null,"copyright":"Copyright 柠檬班 © 2017-2020 湖南省零檬信息技术有限公司 All Rights Reserved"}
2020-07-09 15:12:31 method: com.homework.utils.HttpUtils.printResult(HttpUtils.java:162) - [ INFO ]----[Server: nginx/1.4.2, Date: Thu, 09 Jul 2020 07:12:22 GMT, Content-Type: application/json;charset=UTF-8, Transfer-Encoding: chunked, Connection: keep-alive]
2020-07-09 15:12:31 method: com.homework.utils.HttpUtils.printResult(HttpUtils.java:163) - [ INFO ]----200
2020-07-09 15:12:32 method: com.homework.utils.HttpUtils.printResult(HttpUtils.java:161) - [ INFO ]----{"code":0,"msg":"OK","data":{"id":206969,"leave_amount":218000.0,"mobile_phone":"17715980055","reg_name":"小柠檬","reg_time":"2020-07-01 16:02:15.0","type":0},"copyright":"Copyright 柠檬班 © 2017-2020 湖南省零檬信息技术有限公司 All Rights Reserved"}
2020-07-09 15:12:32 method: com.homework.utils.HttpUtils.printResult(HttpUtils.java:162) - [ INFO ]----[Server: nginx/1.4.2, Date: Thu, 09 Jul 2020 07:12:22 GMT, Content-Type: application/json;charset=UTF-8, Transfer-Encoding: chunked, Connection: keep-alive]
2020-07-09 15:12:32 method: com.homework.utils.HttpUtils.printResult(HttpUtils.java:163) - [ INFO ]----200
2020-07-09 15:12:32 method: com.homework.utils.HttpUtils.printResult(HttpUtils.java:161) - [ INFO ]----{"code":0,"msg":"OK","data":{"id":206969,"leave_amount":258000.0,"mobile_phone":"17715980055","reg_name":"小柠檬","reg_time":"2020-07-01 16:02:15.0","type":0},"copyright":"Copyright 柠檬班 © 2017-2020 湖南省零檬信息技术有限公司 All Rights Reserved"}
2020-07-09 15:12:32 method: com.homework.utils.HttpUtils.printResult(HttpUtils.java:162) - [ INFO ]----[Server: nginx/1.4.2, Date: Thu, 09 Jul 2020 07:12:23 GMT, Content-Type: application/json;charset=UTF-8, Transfer-Encoding: chunked, Connection: keep-alive]
2020-07-09 15:12:32 method: com.homework.utils.HttpUtils.printResult(HttpUtils.java:163) - [ INFO ]----200
2020-07-09 15:12:33 method: com.homework.utils.HttpUtils.printResult(HttpUtils.java:161) - [ INFO ]----{"code":0,"msg":"OK","data":{"id":1308386,"member_id":206969,"title":"报名 Java 全栈自动化课程","amount":6300.0,"loan_rate":12.0,"loan_term":12,"loan_date_type":1,"bidding_days":5,"create_time":"2020-07-09 15:12:24.0","bidding_start_time":null,"full_time":null,"status":1},"copyright":"Copyright 柠檬班 © 2017-2020 湖南省零檬信息技术有限公司 All Rights Reserved"}
2020-07-09 15:12:33 method: com.homework.utils.HttpUtils.printResult(HttpUtils.java:162) - [ INFO ]----[Server: nginx/1.4.2, Date: Thu, 09 Jul 2020 07:12:24 GMT, Content-Type: application/json;charset=UTF-8, Transfer-Encoding: chunked, Connection: keep-alive]
2020-07-09 15:12:33 method: com.homework.utils.HttpUtils.printResult(HttpUtils.java:163) - [ INFO ]----200
2020-07-09 15:12:33 method: com.homework.utils.HttpUtils.printResult(HttpUtils.java:161) - [ INFO ]----{"code":0,"msg":"OK","data":{"id":206595,"leave_amount":-864200.0,"mobile_phone":"18112312397","reg_name":"小柠檬","reg_time":"2020-06-30 22:11:54.0","type":0,"token_info":{"token_type":"Bearer","expires_in":"2020-07-09 15:17:24","token":"eyJhbGciOiJIUzUxMiJ9.eyJtZW1iZXJfaWQiOjIwNjU5NSwiZXhwIjoxNTk0Mjc5MDQ0fQ.sZdBOzz4hDqbzhF1DIlUCO-i4RSdwjsJihwoYBULqvIcNUqV6DgEqyfSGhF8BsJOdbi70sRM-iMcuP9gj30iuA"}},"copyright":"Copyright 柠檬班 © 2017-2020 湖南省零檬信息技术有限公司 All Rights Reserved"}
2020-07-09 15:12:33 method: com.homework.utils.HttpUtils.printResult(HttpUtils.java:162) - [ INFO ]----[Server: nginx/1.4.2, Date: Thu, 09 Jul 2020 07:12:24 GMT, Content-Type: application/json;charset=UTF-8, Transfer-Encoding: chunked, Connection: keep-alive]
2020-07-09 15:12:33 method: com.homework.utils.HttpUtils.printResult(HttpUtils.java:163) - [ INFO ]----200
2020-07-09 15:12:33 method: com.homework.utils.HttpUtils.printResult(HttpUtils.java:161) - [ INFO ]----{"code":0,"msg":"OK","data":null,"copyright":"Copyright 柠檬班 © 2017-2020 湖南省零檬信息技术有限公司 All Rights Reserved"}
2020-07-09 15:12:33 method: com.homework.utils.HttpUtils.printResult(HttpUtils.java:162) - [ INFO ]----[Server: nginx/1.4.2, Date: Thu, 09 Jul 2020 07:12:24 GMT, Content-Type: application/json;charset=UTF-8, Transfer-Encoding: chunked, Connection: keep-alive]
2020-07-09 15:12:33 method: com.homework.utils.HttpUtils.printResult(HttpUtils.java:163) - [ INFO ]----200
2020-07-09 15:12:34 method: com.homework.utils.HttpUtils.printResult(HttpUtils.java:161) - [ INFO ]----{"code":0,"msg":"OK","data":{"id":10365,"member_id":206595,"loan_id":1308386,"amount":6300.0,"create_time":"2020-07-09 15:12:24","is_valid":1},"copyright":"Copyright 柠檬班 © 2017-2020 湖南省零檬信息技术有限公司 All Rights Reserved"}
2020-07-09 15:12:34 method: com.homework.utils.HttpUtils.printResult(HttpUtils.java:162) - [ INFO ]----[Server: nginx/1.4.2, Date: Thu, 09 Jul 2020 07:12:24 GMT, Content-Type: application/json;charset=UTF-8, Transfer-Encoding: chunked, Connection: keep-alive]
2020-07-09 15:12:34 method: com.homework.utils.HttpUtils.printResult(HttpUtils.java:163) - [ INFO ]----200
